Base path: C:/Program Files (x86)/Unity/Editor/Data
Pipe name: \\.\pipe\UnityShaderCompiler-1-22980
Cmd: getPlatforms
Cmd: preprocess
  insize=464 outsize=464 ok=1
Cmd: preprocess
  insize=954 outsize=1147 ok=1
Cmd: preprocess
  insize=600 outsize=597 ok=1
Cmd: preprocess
  insize=4446 outsize=741 ok=1
Cmd: preprocess
  insize=1101 outsize=904 ok=1
Cmd: preprocess
  insize=856 outsize=853 ok=1
Cmd: preprocess
  insize=1469 outsize=1042 ok=1
Cmd: preprocess
  insize=1654 outsize=1035 ok=1
Cmd: preprocess
  insize=4509 outsize=804 ok=1
Cmd: preprocess
  insize=1822 outsize=1206 ok=1
Cmd: preprocess
  insize=1772 outsize=1161 ok=1
Cmd: preprocess
  insize=1691 outsize=1119 ok=1
Cmd: preprocess
  insize=1574 outsize=702 ok=1
Cmd: preprocess
  insize=694 outsize=1263 ok=1
Cmd: preprocess
  insize=599 outsize=596 ok=1
Cmd: preprocess
  insize=1759 outsize=1202 ok=1
Unhandled exception: Readfile from pipe failed. GLE=The pipe has been ended.


Quitting shader compiler process
